  Installing vcpkg dependencies to C:\Users\Ian\source\repos\TilemapPOC\TileMap POC\vcpkg_installed\x64-windows\
  "C:\Users\Ian\source\repos\vcpkg\vcpkg.exe" install  --x-wait-for-lock --triplet "x64-windows" --vcpkg-root "C:\Users\Ian\source\repos\vcpkg\\" "--x-manifest-root=C:\Users\Ian\source\repos\TilemapPOC\TileMap POC\\" "--x-install-root=C:\Users\Ian\source\repos\TilemapPOC\TileMap POC\vcpkg_installed\x64-windows\\" 
  Fetching registry information from https://github.com/microsoft/vcpkg (HEAD)...
  A suitable version of cmake was not found (required v3.29.2).
  Downloading https://github.com/Kitware/CMake/releases/download/v3.29.2/cmake-3.29.2-windows-i386.zip
  Extracting cmake...
  A suitable version of 7zip was not found (required v24.8.0).
  Downloading https://github.com/ip7z/7zip/releases/download/24.08/7z2408-extra.7z
  Extracting 7zip...
  A suitable version of 7zr was not found (required v24.8.0).
  Downloading https://github.com/ip7z/7zip/releases/download/24.08/7zr.exe
  Detecting compiler hash for triplet x64-windows...
  A suitable version of powershell-core was not found (required v7.2.23).
  Downloading https://github.com/PowerShell/PowerShell/releases/download/v7.2.23/PowerShell-7.2.23-win-x64.zip
  Extracting powershell-core...
  Compiler found: C:/Program Files/Microsoft Visual Studio/2022/Community/VC/Tools/MSVC/14.41.34120/bin/Hostx64/x64/cl.exe
  The following packages will be built and installed:
    * libpng:x64-windows@1.6.43#2 -- C:\Users\Ian\AppData\Local\vcpkg\registries\git-trees\915cc8e8e0adbfb2708a310635217811a849d709
      sdl2-image:x64-windows@2.8.2#2 -- C:\Users\Ian\AppData\Local\vcpkg\registries\git-trees\61b91c7aa89e01e237616121222f98e505a6d44b
    * zlib:x64-windows@1.3.1 -- C:\Users\Ian\AppData\Local\vcpkg\registries\git-trees\3f05e04b9aededb96786a911a16193cdb711f0c9
  Additional packages (*) will be modified to complete this operation.
  Restored 0 package(s) from C:\Users\Ian\AppData\Local\vcpkg\archives in 185 us. Use --debug to see more details.
  Installing 1/3 zlib:x64-windows@1.3.1...
  Building zlib:x64-windows@1.3.1...
  C:\Users\Ian\AppData\Local\vcpkg\registries\git-trees\3f05e04b9aededb96786a911a16193cdb711f0c9: info: installing overlay port from here
  -- Downloading https://github.com/madler/zlib/archive/v1.3.1.tar.gz -> madler-zlib-v1.3.1.tar.gz...
  -- Extracting source C:/Users/Ian/source/repos/vcpkg/downloads/madler-zlib-v1.3.1.tar.gz
  -- Applying patch 0001-Prevent-invalid-inclusions-when-HAVE_-is-set-to-0.patch
  -- Applying patch 0002-build-static-or-shared-not-both.patch
  -- Applying patch 0003-android-and-mingw-fixes.patch
  -- Using source at C:/Users/Ian/source/repos/vcpkg/buildtrees/zlib/src/v1.3.1-2e5db616bf.clean
  -- Found external ninja('1.11.0').
  -- Configuring x64-windows
  -- Building x64-windows-dbg
  -- Building x64-windows-rel
  -- Installing: C:/Users/Ian/source/repos/vcpkg/packages/zlib_x64-windows/share/zlib/vcpkg-cmake-wrapper.cmake
  -- Fixing pkgconfig file: C:/Users/Ian/source/repos/vcpkg/packages/zlib_x64-windows/lib/pkgconfig/zlib.pc
  -- Downloading https://mirror.msys2.org/mingw/mingw64/mingw-w64-x86_64-pkgconf-1~2.2.0-1-any.pkg.tar.zst;https://repo.msys2.org/mingw/mingw64/mingw-w64-x86_64-pkgconf-1~2.2.0-1-any.pkg.tar.zst;https://mirror.yandex.ru/mirrors/msys2/mingw/mingw64/mingw-w64-x86_64-pkgconf-1~2.2.0-1-any.pkg.tar.zst;https://mirrors.tuna.tsinghua.edu.cn/msys2/mingw/mingw64/mingw-w64-x86_64-pkgconf-1~2.2.0-1-any.pkg.tar.zst;https://mirrors.ustc.edu.cn/msys2/mingw/mingw64/mingw-w64-x86_64-pkgconf-1~2.2.0-1-any.pkg.tar.zst;https://mirror.selfnet.de/msys2/mingw/mingw64/mingw-w64-x86_64-pkgconf-1~2.2.0-1-any.pkg.tar.zst -> msys2-mingw-w64-x86_64-pkgconf-1~2.2.0-1-any.pkg.tar.zst...
  -- Downloading https://mirror.msys2.org/msys/x86_64/msys2-runtime-3.5.3-3-x86_64.pkg.tar.zst;https://repo.msys2.org/msys/x86_64/msys2-runtime-3.5.3-3-x86_64.pkg.tar.zst;https://mirror.yandex.ru/mirrors/msys2/msys/x86_64/msys2-runtime-3.5.3-3-x86_64.pkg.tar.zst;https://mirrors.tuna.tsinghua.edu.cn/msys2/msys/x86_64/msys2-runtime-3.5.3-3-x86_64.pkg.tar.zst;https://mirrors.ustc.edu.cn/msys2/msys/x86_64/msys2-runtime-3.5.3-3-x86_64.pkg.tar.zst;https://mirror.selfnet.de/msys2/msys/x86_64/msys2-runtime-3.5.3-3-x86_64.pkg.tar.zst -> msys2-msys2-runtime-3.5.3-3-x86_64.pkg.tar.zst...
  -- Using msys root at C:/Users/Ian/source/repos/vcpkg/downloads/tools/msys2/1e74ca60daa10104
  -- Fixing pkgconfig file: C:/Users/Ian/source/repos/vcpkg/packages/zlib_x64-windows/debug/lib/pkgconfig/zlib.pc
  -- Installing: C:/Users/Ian/source/repos/vcpkg/packages/zlib_x64-windows/share/zlib/copyright
  -- Performing post-build validation
  Stored binaries in 1 destinations in 136 ms.
  Elapsed time to handle zlib:x64-windows: 7.3 s
  zlib:x64-windows package ABI: c8fb47edb688e60da67998f55ef03597e5e954d841ca6bcc6c3137cc08526dbf
  Installing 2/3 libpng:x64-windows@1.6.43#2...
  Building libpng:x64-windows@1.6.43#2...
  C:\Users\Ian\AppData\Local\vcpkg\registries\git-trees\915cc8e8e0adbfb2708a310635217811a849d709: info: installing overlay port from here
  -- Downloading https://github.com/glennrp/libpng/archive/v1.6.43.tar.gz -> glennrp-libpng-v1.6.43.tar.gz...
  -- Extracting source C:/Users/Ian/source/repos/vcpkg/downloads/glennrp-libpng-v1.6.43.tar.gz
  -- Applying patch cmake.patch
  -- Applying patch fix-export-targets.patch
  -- Applying patch libm.patch
  -- Applying patch pkgconfig.patch
  -- Applying patch fix-msa-support-for-mips.patch
  -- Using source at C:/Users/Ian/source/repos/vcpkg/buildtrees/libpng/src/v1.6.43-e957a32120.clean
  -- Found external ninja('1.11.0').
  -- Configuring x64-windows
  -- Building x64-windows-dbg
  -- Building x64-windows-rel
  -- Installing: C:/Users/Ian/source/repos/vcpkg/packages/libpng_x64-windows/share/png/vcpkg-cmake-wrapper.cmake
  -- Fixing pkgconfig file: C:/Users/Ian/source/repos/vcpkg/packages/libpng_x64-windows/lib/pkgconfig/libpng16.pc
  -- Using cached msys2-mingw-w64-x86_64-pkgconf-1~2.2.0-1-any.pkg.tar.zst.
  -- Using cached msys2-msys2-runtime-3.5.3-3-x86_64.pkg.tar.zst.
  -- Using msys root at C:/Users/Ian/source/repos/vcpkg/downloads/tools/msys2/1e74ca60daa10104
  -- Fixing pkgconfig file: C:/Users/Ian/source/repos/vcpkg/packages/libpng_x64-windows/debug/lib/pkgconfig/libpng16.pc
  -- Installing: C:/Users/Ian/source/repos/vcpkg/packages/libpng_x64-windows/debug/lib/pkgconfig/libpng.pc
  -- Installing: C:/Users/Ian/source/repos/vcpkg/packages/libpng_x64-windows/lib/pkgconfig/libpng.pc
  -- Installing: C:/Users/Ian/source/repos/vcpkg/packages/libpng_x64-windows/share/libpng/usage
  -- Installing: C:/Users/Ian/source/repos/vcpkg/packages/libpng_x64-windows/share/libpng/copyright
  -- Performing post-build validation
  Stored binaries in 1 destinations in 237 ms.
  Elapsed time to handle libpng:x64-windows: 10 s
  libpng:x64-windows package ABI: 76f88a75c0cc1d6f32262f7ad9b8d2c39f6a3627635ccb5a47707e952d0e2d8e
  Installing 3/3 sdl2-image:x64-windows@2.8.2#2...
  Building sdl2-image:x64-windows@2.8.2#2...
  C:\Users\Ian\AppData\Local\vcpkg\registries\git-trees\61b91c7aa89e01e237616121222f98e505a6d44b: info: installing overlay port from here
  -- Downloading https://github.com/libsdl-org/SDL_image/archive/release-2.8.2.tar.gz -> libsdl-org-SDL_image-release-2.8.2.tar.gz...
  -- Extracting source C:/Users/Ian/source/repos/vcpkg/downloads/libsdl-org-SDL_image-release-2.8.2.tar.gz
  -- Applying patch fix-findwebp.patch
  -- Using source at C:/Users/Ian/source/repos/vcpkg/buildtrees/sdl2-image/src/ease-2.8.2-89b2ee6bc2.clean
  -- Found external ninja('1.11.0').
  -- Configuring x64-windows
  -- Building x64-windows-dbg
  -- Building x64-windows-rel
  -- Fixing pkgconfig file: C:/Users/Ian/source/repos/vcpkg/packages/sdl2-image_x64-windows/lib/pkgconfig/SDL2_image.pc
  -- Using cached msys2-mingw-w64-x86_64-pkgconf-1~2.2.0-1-any.pkg.tar.zst.
  -- Using cached msys2-msys2-runtime-3.5.3-3-x86_64.pkg.tar.zst.
  -- Using msys root at C:/Users/Ian/source/repos/vcpkg/downloads/tools/msys2/1e74ca60daa10104
  -- Fixing pkgconfig file: C:/Users/Ian/source/repos/vcpkg/packages/sdl2-image_x64-windows/debug/lib/pkgconfig/SDL2_image.pc
  -- Installing: C:/Users/Ian/source/repos/vcpkg/packages/sdl2-image_x64-windows/share/sdl2-image/usage
  -- Installing: C:/Users/Ian/source/repos/vcpkg/packages/sdl2-image_x64-windows/share/sdl2-image/copyright
  -- Performing post-build validation
  Stored binaries in 1 destinations in 200 ms.
  Elapsed time to handle sdl2-image:x64-windows: 7.6 s
  sdl2-image:x64-windows package ABI: 5d96885c91e1609141b623f1d1c6c7e53cd9515d3f2fb2be70c04ba1ef4414c6
  Total install time: 25 s
  The package fmt provides CMake targets:
  
      find_package(fmt CONFIG REQUIRED)
      target_link_libraries(main PRIVATE fmt::fmt)
  
      # Or use the header-only version
      find_package(fmt CONFIG REQUIRED)
      target_link_libraries(main PRIVATE fmt::fmt-header-only)
  
  The package nlohmann-json provides CMake targets:
  
      find_package(nlohmann_json CONFIG REQUIRED)
      target_link_libraries(main PRIVATE nlohmann_json::nlohmann_json)
  
  The package nlohmann-json can be configured to not provide implicit conversions via a custom triplet file:
  
      set(nlohmann-json_IMPLICIT_CONVERSIONS OFF)
  
  For more information, see the docs here:
      
      https://json.nlohmann.me/api/macros/json_use_implicit_conversions/
  
  sdl2 provides CMake targets:
  
      find_package(SDL2 CONFIG REQUIRED)
      target_link_libraries(main
          PRIVATE
          $<TARGET_NAME_IF_EXISTS:SDL2::SDL2main>
          $<IF:$<TARGET_EXISTS:SDL2::SDL2>,SDL2::SDL2,SDL2::SDL2-static>
      )
  
  sdl2-image provides CMake targets:
  
      find_package(SDL2_image CONFIG REQUIRED)
      target_link_libraries(main PRIVATE $<IF:$<TARGET_EXISTS:SDL2_image::SDL2_image>,SDL2_image::SDL2_image,SDL2_image::SDL2_image-static>)
  
  TileMap POC.cpp
  TilemapLoader.cpp
  Generating Code...
C:\Users\Ian\source\repos\TilemapPOC\TileMap POC\TilemapLoader.cpp(22,2): error C2059: syntax error: '}'
C:\Users\Ian\source\repos\TilemapPOC\TileMap POC\TilemapLoader.cpp(22,2): error C2143: syntax error: missing ';' before '}'
